<?xml version="1.0" encoding="UTF-8"?>
<testsuite name="jp.co.toshiba.ppok.test.MBGTest" tests="1" skipped="0" failures="0" errors="0" timestamp="2022-12-08T15:45:29" hostname="DESKTOP-PFF2VGH" time="1.959">
  <properties/>
  <testcase name="test01()" classname="jp.co.toshiba.ppok.test.MBGTest" time="1.959"/>
  <system-out><![CDATA[]]></system-out>
  <system-err><![CDATA[SLF4J: Failed to load class "org.slf4j.impl.StaticLoggerBinder".
SLF4J: Defaulting to no-operation (NOP) logger implementation
SLF4J: See http://www.slf4j.org/codes.html#StaticLoggerBinder for further details.
]]></system-err>
</testsuite>
